;Изменения после версии 1.60
10.02.2003 - Добавлена визуализация курсора в функции ECHOKEY.
06.02.2003 - Исправлена ошибка в разборе имени файла начинающегося с точки.
29.01.2003 - Исправлена ошибка в PUT_D_T, не обновлялась дата в файлах, в которые не производилась запись.
;Изменения после версии 1.60RC
05.12.2002 - Реализована fn. APPINFO 47h, информация о приложении.
26.11.2002 - Исправлена ошибка в CHDIR, не выполнялся запрос "." из ROOT
19.11.2002 - Добавлена корректировка атрибута файла при его создании.
19.11.2002 - Добавлено маскирование аттрибута VOLUME LABEL.
19.11.2002 - Исправлена ошибка с атрибутом system.
17.11.2002 - Реализовано system environment, fn. 46h
07.11.2002 - Добавлен запрет/разрешение прерываний в функции WINCOPY и WINREST
07.11.2002 - Исправлена ошибка в функции SCROLL (A=0)
;Изменения после версии 1.55
06.08.2001 - Добавлена поддержка Secondary IDE
06.08.2001 - Исправлена ошибка с подразделами второго винчестера
11.07.2001 - Поддержка принтера для Sp2000
30.07.2001 - Исправлено описание входных параметров функции удаления файла(0Eh);
;Изменения после версии 1.54
18.07.2001 - Добавлено описание работы с графическим экраном;
18.07.2001 - Добавлено описание параметра функции получения режима экрана(51h);
15.03.2001 - Добавлено описание функции работы с командной строкой(45h);
;Изменения после версии 1.00
